2023-06-27 09:48:10.769  INFO 22880 --- [main] com.peels.WebApplication                 : No active profile set, falling back to default profiles: default
2023-06-27 09:48:11.847  INFO 22880 --- [main] .s.d.r.c.RepositoryConfigurationDelegate : Multiple Spring Data modules found, entering strict repository configuration mode!
2023-06-27 09:48:11.853  INFO 22880 --- [main] .s.d.r.c.RepositoryConfigurationDelegate : Bootstrapping Spring Data Redis repositories in DEFAULT mode.
2023-06-27 09:48:11.936  INFO 22880 --- [main] .s.d.r.c.RepositoryConfigurationDelegate : Finished Spring Data repository scanning in 52ms. Found 0 Redis repository interfaces.
2023-06-27 09:48:12.591  INFO 22880 --- [main] o.s.cloud.context.scope.GenericScope     : BeanFactory id=92ae6ac5-a6ce-3299-a2b7-d8ede1098378
2023-06-27 09:48:14.784  INFO 22880 --- [main] o.s.b.w.embedded.tomcat.TomcatWebServer  : Tomcat initialized with port(s): 9999 (http)
2023-06-27 09:48:14.803  INFO 22880 --- [main] o.apache.catalina.core.StandardService   : Starting service [Tomcat]
2023-06-27 09:48:14.804  INFO 22880 --- [main] org.apache.catalina.core.StandardEngine  : Starting Servlet engine: [Apache Tomcat/9.0.43]
2023-06-27 09:48:15.228  INFO 22880 --- [main] o.a.c.c.C.[Tomcat].[localhost].[/]       : Initializing Spring embedded WebApplicationContext
2023-06-27 09:48:15.229  INFO 22880 --- [main] w.s.c.ServletWebServerApplicationContext : Root WebApplicationContext: initialization completed in 4432 ms
2023-06-27 09:48:17.243  INFO 22880 --- [main] pertySourcedRequestMappingHandlerMapping : Mapped URL path [/v2/api-docs] onto method [springfox.documentation.swagger2.web.Swagger2Controller#getDocumentation(String, HttpServletRequest)]
2023-06-27 09:48:17.283  WARN 22880 --- [main] c.n.c.sources.URLConfigurationSource     : No URLs will be polled as dynamic configuration sources.
2023-06-27 09:48:17.284  INFO 22880 --- [main] c.n.c.sources.URLConfigurationSource     : To enable URLs as dynamic configuration sources, define System property archaius.configurationSource.additionalUrls or make config.properties available on classpath.
2023-06-27 09:48:17.288  WARN 22880 --- [main] c.n.c.sources.URLConfigurationSource     : No URLs will be polled as dynamic configuration sources.
2023-06-27 09:48:17.288  INFO 22880 --- [main] c.n.c.sources.URLConfigurationSource     : To enable URLs as dynamic configuration sources, define System property archaius.configurationSource.additionalUrls or make config.properties available on classpath.
2023-06-27 09:48:17.394  INFO 22880 --- [main] o.s.s.concurrent.ThreadPoolTaskExecutor  : Initializing ExecutorService 'applicationTaskExecutor'
2023-06-27 09:48:17.863  INFO 22880 --- [main] o.s.s.c.ThreadPoolTaskScheduler          : Initializing ExecutorService 'taskScheduler'
2023-06-27 09:48:19.115  INFO 22880 --- [main] o.s.cloud.commons.util.InetUtils         : Cannot determine local hostname
2023-06-27 09:48:19.318  INFO 22880 --- [main] o.s.b.w.embedded.tomcat.TomcatWebServer  : Tomcat started on port(s): 9999 (http) with context path ''
2023-06-27 09:48:20.521  INFO 22880 --- [main] o.s.cloud.commons.util.InetUtils         : Cannot determine local hostname
2023-06-27 09:48:20.522  INFO 22880 --- [main] d.s.w.p.DocumentationPluginsBootstrapper : Context refreshed
2023-06-27 09:48:20.545  INFO 22880 --- [main] d.s.w.p.DocumentationPluginsBootstrapper : Found 1 custom documentation plugin(s)
2023-06-27 09:48:20.587  INFO 22880 --- [main] s.d.s.w.s.ApiListingReferenceScanner     : Scanning for api listing references
2023-06-27 09:48:20.828  INFO 22880 --- [main] com.peels.WebApplication                 : Started WebApplication in 13.212 seconds (JVM running for 14.33)
2023-06-27 09:48:25.151  INFO 22880 --- [http-nio-9999-exec-1] o.a.c.c.C.[Tomcat].[localhost].[/]       : Initializing Spring DispatcherServlet 'dispatcherServlet'
2023-06-27 09:48:25.151  INFO 22880 --- [http-nio-9999-exec-1] o.s.web.servlet.DispatcherServlet        : Initializing Servlet 'dispatcherServlet'
2023-06-27 09:48:25.159  INFO 22880 --- [http-nio-9999-exec-1] o.s.web.servlet.DispatcherServlet        : Completed initialization in 8 ms
2023-06-27 10:08:59.201  INFO 22880 --- [SpringContextShutdownHook] o.s.s.c.ThreadPoolTaskScheduler          : Shutting down ExecutorService 'taskScheduler'
2023-06-27 10:08:59.202  INFO 22880 --- [SpringContextShutdownHook] o.s.s.concurrent.ThreadPoolTaskExecutor  : Shutting down ExecutorService 'applicationTaskExecutor'
2023-06-27 10:09:09.026  INFO 23632 --- [main] com.peels.WebApplication                 : No active profile set, falling back to default profiles: default
2023-06-27 10:09:09.858  INFO 23632 --- [main] .s.d.r.c.RepositoryConfigurationDelegate : Multiple Spring Data modules found, entering strict repository configuration mode!
2023-06-27 10:09:09.860  INFO 23632 --- [main] .s.d.r.c.RepositoryConfigurationDelegate : Bootstrapping Spring Data Redis repositories in DEFAULT mode.
2023-06-27 10:09:09.892  INFO 23632 --- [main] .s.d.r.c.RepositoryConfigurationDelegate : Finished Spring Data repository scanning in 21ms. Found 0 Redis repository interfaces.
2023-06-27 10:09:10.147  INFO 23632 --- [main] o.s.cloud.context.scope.GenericScope     : BeanFactory id=7f4f4610-bc8d-3799-87d2-8dd33beb45ee
2023-06-27 10:09:10.836  INFO 23632 --- [main] o.s.b.w.embedded.tomcat.TomcatWebServer  : Tomcat initialized with port(s): 9999 (http)
2023-06-27 10:09:10.845  INFO 23632 --- [main] o.apache.catalina.core.StandardService   : Starting service [Tomcat]
2023-06-27 10:09:10.846  INFO 23632 --- [main] org.apache.catalina.core.StandardEngine  : Starting Servlet engine: [Apache Tomcat/9.0.43]
2023-06-27 10:09:11.046  INFO 23632 --- [main] o.a.c.c.C.[Tomcat].[localhost].[/]       : Initializing Spring embedded WebApplicationContext
2023-06-27 10:09:11.046  INFO 23632 --- [main] w.s.c.ServletWebServerApplicationContext : Root WebApplicationContext: initialization completed in 1997 ms
2023-06-27 10:09:12.673  INFO 23632 --- [main] pertySourcedRequestMappingHandlerMapping : Mapped URL path [/v2/api-docs] onto method [springfox.documentation.swagger2.web.Swagger2Controller#getDocumentation(String, HttpServletRequest)]
2023-06-27 10:09:12.710  WARN 23632 --- [main] c.n.c.sources.URLConfigurationSource     : No URLs will be polled as dynamic configuration sources.
2023-06-27 10:09:12.711  INFO 23632 --- [main] c.n.c.sources.URLConfigurationSource     : To enable URLs as dynamic configuration sources, define System property archaius.configurationSource.additionalUrls or make config.properties available on classpath.
2023-06-27 10:09:12.715  WARN 23632 --- [main] c.n.c.sources.URLConfigurationSource     : No URLs will be polled as dynamic configuration sources.
2023-06-27 10:09:12.716  INFO 23632 --- [main] c.n.c.sources.URLConfigurationSource     : To enable URLs as dynamic configuration sources, define System property archaius.configurationSource.additionalUrls or make config.properties available on classpath.
2023-06-27 10:09:12.815  INFO 23632 --- [main] o.s.s.concurrent.ThreadPoolTaskExecutor  : Initializing ExecutorService 'applicationTaskExecutor'
2023-06-27 10:09:13.207  INFO 23632 --- [main] o.s.s.c.ThreadPoolTaskScheduler          : Initializing ExecutorService 'taskScheduler'
2023-06-27 10:09:14.461  INFO 23632 --- [main] o.s.cloud.commons.util.InetUtils         : Cannot determine local hostname
2023-06-27 10:09:14.646  INFO 23632 --- [main] o.s.b.w.embedded.tomcat.TomcatWebServer  : Tomcat started on port(s): 9999 (http) with context path ''
2023-06-27 10:09:15.848  INFO 23632 --- [main] o.s.cloud.commons.util.InetUtils         : Cannot determine local hostname
2023-06-27 10:09:15.848  INFO 23632 --- [main] d.s.w.p.DocumentationPluginsBootstrapper : Context refreshed
2023-06-27 10:09:15.872  INFO 23632 --- [main] d.s.w.p.DocumentationPluginsBootstrapper : Found 1 custom documentation plugin(s)
2023-06-27 10:09:15.909  INFO 23632 --- [main] s.d.s.w.s.ApiListingReferenceScanner     : Scanning for api listing references
2023-06-27 10:09:16.129  INFO 23632 --- [main] com.peels.WebApplication                 : Started WebApplication in 10.175 seconds (JVM running for 11.125)
2023-06-27 10:09:17.943  INFO 23632 --- [http-nio-9999-exec-1] o.a.c.c.C.[Tomcat].[localhost].[/]       : Initializing Spring DispatcherServlet 'dispatcherServlet'
2023-06-27 10:09:17.944  INFO 23632 --- [http-nio-9999-exec-1] o.s.web.servlet.DispatcherServlet        : Initializing Servlet 'dispatcherServlet'
2023-06-27 10:09:17.951  INFO 23632 --- [http-nio-9999-exec-1] o.s.web.servlet.DispatcherServlet        : Completed initialization in 7 ms
2023-06-27 10:10:47.077  INFO 23632 --- [SpringContextShutdownHook] o.s.s.c.ThreadPoolTaskScheduler          : Shutting down ExecutorService 'taskScheduler'
2023-06-27 10:10:47.079  INFO 23632 --- [SpringContextShutdownHook] o.s.s.concurrent.ThreadPoolTaskExecutor  : Shutting down ExecutorService 'applicationTaskExecutor'
2023-06-27 10:10:56.838  INFO 4648 --- [main] com.peels.WebApplication                 : No active profile set, falling back to default profiles: default
2023-06-27 10:10:57.716  INFO 4648 --- [main] .s.d.r.c.RepositoryConfigurationDelegate : Multiple Spring Data modules found, entering strict repository configuration mode!
2023-06-27 10:10:57.719  INFO 4648 --- [main] .s.d.r.c.RepositoryConfigurationDelegate : Bootstrapping Spring Data Redis repositories in DEFAULT mode.
2023-06-27 10:10:57.756  INFO 4648 --- [main] .s.d.r.c.RepositoryConfigurationDelegate : Finished Spring Data repository scanning in 22ms. Found 0 Redis repository interfaces.
2023-06-27 10:10:58.024  INFO 4648 --- [main] o.s.cloud.context.scope.GenericScope     : BeanFactory id=7f4f4610-bc8d-3799-87d2-8dd33beb45ee
2023-06-27 10:10:58.811  INFO 4648 --- [main] o.s.b.w.embedded.tomcat.TomcatWebServer  : Tomcat initialized with port(s): 9999 (http)
2023-06-27 10:10:58.821  INFO 4648 --- [main] o.apache.catalina.core.StandardService   : Starting service [Tomcat]
2023-06-27 10:10:58.822  INFO 4648 --- [main] org.apache.catalina.core.StandardEngine  : Starting Servlet engine: [Apache Tomcat/9.0.43]
2023-06-27 10:10:59.045  INFO 4648 --- [main] o.a.c.c.C.[Tomcat].[localhost].[/]       : Initializing Spring embedded WebApplicationContext
2023-06-27 10:10:59.046  INFO 4648 --- [main] w.s.c.ServletWebServerApplicationContext : Root WebApplicationContext: initialization completed in 2186 ms
2023-06-27 10:11:00.811  INFO 4648 --- [main] pertySourcedRequestMappingHandlerMapping : Mapped URL path [/v2/api-docs] onto method [springfox.documentation.swagger2.web.Swagger2Controller#getDocumentation(String, HttpServletRequest)]
2023-06-27 10:11:00.852  WARN 4648 --- [main] c.n.c.sources.URLConfigurationSource     : No URLs will be polled as dynamic configuration sources.
2023-06-27 10:11:00.852  INFO 4648 --- [main] c.n.c.sources.URLConfigurationSource     : To enable URLs as dynamic configuration sources, define System property archaius.configurationSource.additionalUrls or make config.properties available on classpath.
2023-06-27 10:11:00.857  WARN 4648 --- [main] c.n.c.sources.URLConfigurationSource     : No URLs will be polled as dynamic configuration sources.
2023-06-27 10:11:00.857  INFO 4648 --- [main] c.n.c.sources.URLConfigurationSource     : To enable URLs as dynamic configuration sources, define System property archaius.configurationSource.additionalUrls or make config.properties available on classpath.
2023-06-27 10:11:00.961  INFO 4648 --- [main] o.s.s.concurrent.ThreadPoolTaskExecutor  : Initializing ExecutorService 'applicationTaskExecutor'
2023-06-27 10:11:01.408  INFO 4648 --- [main] o.s.s.c.ThreadPoolTaskScheduler          : Initializing ExecutorService 'taskScheduler'
2023-06-27 10:11:02.658  INFO 4648 --- [main] o.s.cloud.commons.util.InetUtils         : Cannot determine local hostname
2023-06-27 10:11:02.877  INFO 4648 --- [main] o.s.b.w.embedded.tomcat.TomcatWebServer  : Tomcat started on port(s): 9999 (http) with context path ''
2023-06-27 10:11:04.111  INFO 4648 --- [main] o.s.cloud.commons.util.InetUtils         : Cannot determine local hostname
2023-06-27 10:11:04.111  INFO 4648 --- [main] d.s.w.p.DocumentationPluginsBootstrapper : Context refreshed
2023-06-27 10:11:04.145  INFO 4648 --- [main] d.s.w.p.DocumentationPluginsBootstrapper : Found 1 custom documentation plugin(s)
2023-06-27 10:11:04.184  INFO 4648 --- [main] s.d.s.w.s.ApiListingReferenceScanner     : Scanning for api listing references
2023-06-27 10:11:04.432  INFO 4648 --- [main] com.peels.WebApplication                 : Started WebApplication in 10.741 seconds (JVM running for 11.835)
2023-06-27 10:11:07.191  INFO 4648 --- [http-nio-9999-exec-1] o.a.c.c.C.[Tomcat].[localhost].[/]       : Initializing Spring DispatcherServlet 'dispatcherServlet'
2023-06-27 10:11:07.191  INFO 4648 --- [http-nio-9999-exec-1] o.s.web.servlet.DispatcherServlet        : Initializing Servlet 'dispatcherServlet'
2023-06-27 10:11:07.201  INFO 4648 --- [http-nio-9999-exec-1] o.s.web.servlet.DispatcherServlet        : Completed initialization in 10 ms
2023-06-27 10:11:21.647  INFO 4648 --- [SpringContextShutdownHook] o.s.s.c.ThreadPoolTaskScheduler          : Shutting down ExecutorService 'taskScheduler'
2023-06-27 10:11:21.649  INFO 4648 --- [SpringContextShutdownHook] o.s.s.concurrent.ThreadPoolTaskExecutor  : Shutting down ExecutorService 'applicationTaskExecutor'
2023-06-27 10:11:28.194  INFO 15624 --- [main] com.peels.WebApplication                 : No active profile set, falling back to default profiles: default
2023-06-27 10:11:29.025  INFO 15624 --- [main] .s.d.r.c.RepositoryConfigurationDelegate : Multiple Spring Data modules found, entering strict repository configuration mode!
2023-06-27 10:11:29.028  INFO 15624 --- [main] .s.d.r.c.RepositoryConfigurationDelegate : Bootstrapping Spring Data Redis repositories in DEFAULT mode.
2023-06-27 10:11:29.060  INFO 15624 --- [main] .s.d.r.c.RepositoryConfigurationDelegate : Finished Spring Data repository scanning in 21ms. Found 0 Redis repository interfaces.
2023-06-27 10:11:29.320  INFO 15624 --- [main] o.s.cloud.context.scope.GenericScope     : BeanFactory id=7f4f4610-bc8d-3799-87d2-8dd33beb45ee
2023-06-27 10:11:30.061  INFO 15624 --- [main] o.s.b.w.embedded.tomcat.TomcatWebServer  : Tomcat initialized with port(s): 9999 (http)
2023-06-27 10:11:30.071  INFO 15624 --- [main] o.apache.catalina.core.StandardService   : Starting service [Tomcat]
2023-06-27 10:11:30.071  INFO 15624 --- [main] org.apache.catalina.core.StandardEngine  : Starting Servlet engine: [Apache Tomcat/9.0.43]
2023-06-27 10:11:30.293  INFO 15624 --- [main] o.a.c.c.C.[Tomcat].[localhost].[/]       : Initializing Spring embedded WebApplicationContext
2023-06-27 10:11:30.293  INFO 15624 --- [main] w.s.c.ServletWebServerApplicationContext : Root WebApplicationContext: initialization completed in 2077 ms
2023-06-27 10:11:32.052  INFO 15624 --- [main] pertySourcedRequestMappingHandlerMapping : Mapped URL path [/v2/api-docs] onto method [springfox.documentation.swagger2.web.Swagger2Controller#getDocumentation(String, HttpServletRequest)]
2023-06-27 10:11:32.093  WARN 15624 --- [main] c.n.c.sources.URLConfigurationSource     : No URLs will be polled as dynamic configuration sources.
2023-06-27 10:11:32.093  INFO 15624 --- [main] c.n.c.sources.URLConfigurationSource     : To enable URLs as dynamic configuration sources, define System property archaius.configurationSource.additionalUrls or make config.properties available on classpath.
2023-06-27 10:11:32.099  WARN 15624 --- [main] c.n.c.sources.URLConfigurationSource     : No URLs will be polled as dynamic configuration sources.
2023-06-27 10:11:32.099  INFO 15624 --- [main] c.n.c.sources.URLConfigurationSource     : To enable URLs as dynamic configuration sources, define System property archaius.configurationSource.additionalUrls or make config.properties available on classpath.
2023-06-27 10:11:32.210  INFO 15624 --- [main] o.s.s.concurrent.ThreadPoolTaskExecutor  : Initializing ExecutorService 'applicationTaskExecutor'
2023-06-27 10:11:32.642  INFO 15624 --- [main] o.s.s.c.ThreadPoolTaskScheduler          : Initializing ExecutorService 'taskScheduler'
2023-06-27 10:11:33.885  INFO 15624 --- [main] o.s.cloud.commons.util.InetUtils         : Cannot determine local hostname
2023-06-27 10:11:34.096  INFO 15624 --- [main] o.s.b.w.embedded.tomcat.TomcatWebServer  : Tomcat started on port(s): 9999 (http) with context path ''
2023-06-27 10:11:35.294  INFO 15624 --- [main] o.s.cloud.commons.util.InetUtils         : Cannot determine local hostname
2023-06-27 10:11:35.295  INFO 15624 --- [main] d.s.w.p.DocumentationPluginsBootstrapper : Context refreshed
2023-06-27 10:11:35.313  INFO 15624 --- [main] d.s.w.p.DocumentationPluginsBootstrapper : Found 1 custom documentation plugin(s)
2023-06-27 10:11:35.349  INFO 15624 --- [main] s.d.s.w.s.ApiListingReferenceScanner     : Scanning for api listing references
2023-06-27 10:11:35.601  INFO 15624 --- [main] com.peels.WebApplication                 : Started WebApplication in 10.51 seconds (JVM running for 11.582)
2023-06-27 10:11:40.090  INFO 15624 --- [http-nio-9999-exec-1] o.a.c.c.C.[Tomcat].[localhost].[/]       : Initializing Spring DispatcherServlet 'dispatcherServlet'
2023-06-27 10:11:40.090  INFO 15624 --- [http-nio-9999-exec-1] o.s.web.servlet.DispatcherServlet        : Initializing Servlet 'dispatcherServlet'
2023-06-27 10:11:40.099  INFO 15624 --- [http-nio-9999-exec-1] o.s.web.servlet.DispatcherServlet        : Completed initialization in 9 ms
2023-06-27 10:12:10.605  INFO 15624 --- [http-nio-9999-exec-2] com.zaxxer.hikari.HikariDataSource       : HikariPool-1 - Starting...
2023-06-27 10:12:11.257  INFO 15624 --- [http-nio-9999-exec-2] com.zaxxer.hikari.HikariDataSource       : HikariPool-1 - Start completed.
2023-06-27 10:12:11.265 DEBUG 15624 --- [http-nio-9999-exec-2] c.p.mapper.GridMemberMapper.selectOne    : ==>  Preparing: SELECT gm_id,gm_name,gm_code,password,province_id,city_id,tel,state,remarks FROM grid_member WHERE (gm_code = ? AND password = ?)
2023-06-27 10:12:11.290 DEBUG 15624 --- [http-nio-9999-exec-2] c.p.mapper.GridMemberMapper.selectOne    : ==> Parameters: caocao(String), 123(String)
2023-06-27 10:12:11.339 DEBUG 15624 --- [http-nio-9999-exec-2] c.p.mapper.GridMemberMapper.selectOne    : <==      Total: 1
2023-06-27 10:12:11.456  INFO 15624 --- [SpringContextShutdownHook] o.s.s.c.ThreadPoolTaskScheduler          : Shutting down ExecutorService 'taskScheduler'
2023-06-27 10:12:11.458  INFO 15624 --- [SpringContextShutdownHook] o.s.s.concurrent.ThreadPoolTaskExecutor  : Shutting down ExecutorService 'applicationTaskExecutor'
2023-06-27 10:12:11.462  INFO 15624 --- [SpringContextShutdownHook] com.zaxxer.hikari.HikariDataSource       : HikariPool-1 - Shutdown initiated...
2023-06-27 10:12:11.683  INFO 15624 --- [SpringContextShutdownHook] com.zaxxer.hikari.HikariDataSource       : HikariPool-1 - Shutdown completed.
2023-06-27 10:12:20.757  INFO 6044 --- [main] com.peels.WebApplication                 : No active profile set, falling back to default profiles: default
2023-06-27 10:12:21.518  INFO 6044 --- [main] .s.d.r.c.RepositoryConfigurationDelegate : Multiple Spring Data modules found, entering strict repository configuration mode!
2023-06-27 10:12:21.520  INFO 6044 --- [main] .s.d.r.c.RepositoryConfigurationDelegate : Bootstrapping Spring Data Redis repositories in DEFAULT mode.
2023-06-27 10:12:21.552  INFO 6044 --- [main] .s.d.r.c.RepositoryConfigurationDelegate : Finished Spring Data repository scanning in 20ms. Found 0 Redis repository interfaces.
2023-06-27 10:12:21.786  INFO 6044 --- [main] o.s.cloud.context.scope.GenericScope     : BeanFactory id=7f4f4610-bc8d-3799-87d2-8dd33beb45ee
2023-06-27 10:12:22.496  INFO 6044 --- [main] o.s.b.w.embedded.tomcat.TomcatWebServer  : Tomcat initialized with port(s): 9999 (http)
2023-06-27 10:12:22.505  INFO 6044 --- [main] o.apache.catalina.core.StandardService   : Starting service [Tomcat]
2023-06-27 10:12:22.505  INFO 6044 --- [main] org.apache.catalina.core.StandardEngine  : Starting Servlet engine: [Apache Tomcat/9.0.43]
2023-06-27 10:12:22.725  INFO 6044 --- [main] o.a.c.c.C.[Tomcat].[localhost].[/]       : Initializing Spring embedded WebApplicationContext
2023-06-27 10:12:22.726  INFO 6044 --- [main] w.s.c.ServletWebServerApplicationContext : Root WebApplicationContext: initialization completed in 1949 ms
2023-06-27 10:12:24.410  INFO 6044 --- [main] pertySourcedRequestMappingHandlerMapping : Mapped URL path [/v2/api-docs] onto method [springfox.documentation.swagger2.web.Swagger2Controller#getDocumentation(String, HttpServletRequest)]
2023-06-27 10:12:24.453  WARN 6044 --- [main] c.n.c.sources.URLConfigurationSource     : No URLs will be polled as dynamic configuration sources.
2023-06-27 10:12:24.454  INFO 6044 --- [main] c.n.c.sources.URLConfigurationSource     : To enable URLs as dynamic configuration sources, define System property archaius.configurationSource.additionalUrls or make config.properties available on classpath.
2023-06-27 10:12:24.459  WARN 6044 --- [main] c.n.c.sources.URLConfigurationSource     : No URLs will be polled as dynamic configuration sources.
2023-06-27 10:12:24.459  INFO 6044 --- [main] c.n.c.sources.URLConfigurationSource     : To enable URLs as dynamic configuration sources, define System property archaius.configurationSource.additionalUrls or make config.properties available on classpath.
2023-06-27 10:12:24.563  INFO 6044 --- [main] o.s.s.concurrent.ThreadPoolTaskExecutor  : Initializing ExecutorService 'applicationTaskExecutor'
2023-06-27 10:12:24.955  INFO 6044 --- [main] o.s.s.c.ThreadPoolTaskScheduler          : Initializing ExecutorService 'taskScheduler'
2023-06-27 10:12:26.197  INFO 6044 --- [main] o.s.cloud.commons.util.InetUtils         : Cannot determine local hostname
2023-06-27 10:12:26.400  INFO 6044 --- [main] o.s.b.w.embedded.tomcat.TomcatWebServer  : Tomcat started on port(s): 9999 (http) with context path ''
2023-06-27 10:12:27.611  INFO 6044 --- [main] o.s.cloud.commons.util.InetUtils         : Cannot determine local hostname
2023-06-27 10:12:27.612  INFO 6044 --- [main] d.s.w.p.DocumentationPluginsBootstrapper : Context refreshed
2023-06-27 10:12:27.627  INFO 6044 --- [main] d.s.w.p.DocumentationPluginsBootstrapper : Found 1 custom documentation plugin(s)
2023-06-27 10:12:27.666  INFO 6044 --- [main] s.d.s.w.s.ApiListingReferenceScanner     : Scanning for api listing references
2023-06-27 10:12:27.910  INFO 6044 --- [main] com.peels.WebApplication                 : Started WebApplication in 10.14 seconds (JVM running for 10.867)
2023-06-27 10:12:30.116  INFO 6044 --- [http-nio-9999-exec-1] o.a.c.c.C.[Tomcat].[localhost].[/]       : Initializing Spring DispatcherServlet 'dispatcherServlet'
2023-06-27 10:12:30.116  INFO 6044 --- [http-nio-9999-exec-1] o.s.web.servlet.DispatcherServlet        : Initializing Servlet 'dispatcherServlet'
2023-06-27 10:12:30.123  INFO 6044 --- [http-nio-9999-exec-1] o.s.web.servlet.DispatcherServlet        : Completed initialization in 7 ms
2023-06-27 10:12:30.244  INFO 6044 --- [http-nio-9999-exec-1] com.zaxxer.hikari.HikariDataSource       : HikariPool-1 - Starting...
2023-06-27 10:12:30.807  INFO 6044 --- [http-nio-9999-exec-1] com.zaxxer.hikari.HikariDataSource       : HikariPool-1 - Start completed.
2023-06-27 10:12:30.813 DEBUG 6044 --- [http-nio-9999-exec-1] c.p.mapper.GridMemberMapper.selectOne    : ==>  Preparing: SELECT gm_id,gm_name,gm_code,password,province_id,city_id,tel,state,remarks FROM grid_member WHERE (gm_code = ? AND password = ?)
2023-06-27 10:12:30.836 DEBUG 6044 --- [http-nio-9999-exec-1] c.p.mapper.GridMemberMapper.selectOne    : ==> Parameters: caocao(String), 123(String)
2023-06-27 10:12:30.883 DEBUG 6044 --- [http-nio-9999-exec-1] c.p.mapper.GridMemberMapper.selectOne    : <==      Total: 1
2023-06-27 10:16:13.233  INFO 6044 --- [SpringContextShutdownHook] o.s.s.c.ThreadPoolTaskScheduler          : Shutting down ExecutorService 'taskScheduler'
2023-06-27 10:16:13.236  INFO 6044 --- [SpringContextShutdownHook] o.s.s.concurrent.ThreadPoolTaskExecutor  : Shutting down ExecutorService 'applicationTaskExecutor'
2023-06-27 10:16:13.240  INFO 6044 --- [SpringContextShutdownHook] com.zaxxer.hikari.HikariDataSource       : HikariPool-1 - Shutdown initiated...
2023-06-27 10:16:13.502  INFO 6044 --- [SpringContextShutdownHook] com.zaxxer.hikari.HikariDataSource       : HikariPool-1 - Shutdown completed.
2023-06-27 10:16:23.864  INFO 4832 --- [main] com.peels.WebApplication                 : No active profile set, falling back to default profiles: default
2023-06-27 10:16:24.626  INFO 4832 --- [main] .s.d.r.c.RepositoryConfigurationDelegate : Multiple Spring Data modules found, entering strict repository configuration mode!
2023-06-27 10:16:24.627  INFO 4832 --- [main] .s.d.r.c.RepositoryConfigurationDelegate : Bootstrapping Spring Data Redis repositories in DEFAULT mode.
2023-06-27 10:16:24.660  INFO 4832 --- [main] .s.d.r.c.RepositoryConfigurationDelegate : Finished Spring Data repository scanning in 22ms. Found 0 Redis repository interfaces.
2023-06-27 10:16:24.908  INFO 4832 --- [main] o.s.cloud.context.scope.GenericScope     : BeanFactory id=7f4f4610-bc8d-3799-87d2-8dd33beb45ee
2023-06-27 10:16:25.571  INFO 4832 --- [main] o.s.b.w.embedded.tomcat.TomcatWebServer  : Tomcat initialized with port(s): 9999 (http)
2023-06-27 10:16:25.580  INFO 4832 --- [main] o.apache.catalina.core.StandardService   : Starting service [Tomcat]
2023-06-27 10:16:25.580  INFO 4832 --- [main] org.apache.catalina.core.StandardEngine  : Starting Servlet engine: [Apache Tomcat/9.0.43]
2023-06-27 10:16:25.787  INFO 4832 --- [main] o.a.c.c.C.[Tomcat].[localhost].[/]       : Initializing Spring embedded WebApplicationContext
2023-06-27 10:16:25.787  INFO 4832 --- [main] w.s.c.ServletWebServerApplicationContext : Root WebApplicationContext: initialization completed in 1905 ms
2023-06-27 10:16:27.370  INFO 4832 --- [main] pertySourcedRequestMappingHandlerMapping : Mapped URL path [/v2/api-docs] onto method [springfox.documentation.swagger2.web.Swagger2Controller#getDocumentation(String, HttpServletRequest)]
2023-06-27 10:16:27.407  WARN 4832 --- [main] c.n.c.sources.URLConfigurationSource     : No URLs will be polled as dynamic configuration sources.
2023-06-27 10:16:27.407  INFO 4832 --- [main] c.n.c.sources.URLConfigurationSource     : To enable URLs as dynamic configuration sources, define System property archaius.configurationSource.additionalUrls or make config.properties available on classpath.
2023-06-27 10:16:27.411  WARN 4832 --- [main] c.n.c.sources.URLConfigurationSource     : No URLs will be polled as dynamic configuration sources.
2023-06-27 10:16:27.412  INFO 4832 --- [main] c.n.c.sources.URLConfigurationSource     : To enable URLs as dynamic configuration sources, define System property archaius.configurationSource.additionalUrls or make config.properties available on classpath.
2023-06-27 10:16:27.509  INFO 4832 --- [main] o.s.s.concurrent.ThreadPoolTaskExecutor  : Initializing ExecutorService 'applicationTaskExecutor'
2023-06-27 10:16:27.895  INFO 4832 --- [main] o.s.s.c.ThreadPoolTaskScheduler          : Initializing ExecutorService 'taskScheduler'
2023-06-27 10:16:29.119  INFO 4832 --- [main] o.s.cloud.commons.util.InetUtils         : Cannot determine local hostname
2023-06-27 10:16:29.309  INFO 4832 --- [main] o.s.b.w.embedded.tomcat.TomcatWebServer  : Tomcat started on port(s): 9999 (http) with context path ''
2023-06-27 10:16:30.503  INFO 4832 --- [main] o.s.cloud.commons.util.InetUtils         : Cannot determine local hostname
2023-06-27 10:16:30.504  INFO 4832 --- [main] d.s.w.p.DocumentationPluginsBootstrapper : Context refreshed
2023-06-27 10:16:30.519  INFO 4832 --- [main] d.s.w.p.DocumentationPluginsBootstrapper : Found 1 custom documentation plugin(s)
2023-06-27 10:16:30.562  INFO 4832 --- [main] s.d.s.w.s.ApiListingReferenceScanner     : Scanning for api listing references
2023-06-27 10:16:30.816  INFO 4832 --- [main] com.peels.WebApplication                 : Started WebApplication in 9.954 seconds (JVM running for 10.888)
2023-06-27 10:16:34.576  INFO 4832 --- [http-nio-9999-exec-1] o.a.c.c.C.[Tomcat].[localhost].[/]       : Initializing Spring DispatcherServlet 'dispatcherServlet'
2023-06-27 10:16:34.576  INFO 4832 --- [http-nio-9999-exec-1] o.s.web.servlet.DispatcherServlet        : Initializing Servlet 'dispatcherServlet'
2023-06-27 10:16:34.583  INFO 4832 --- [http-nio-9999-exec-1] o.s.web.servlet.DispatcherServlet        : Completed initialization in 7 ms
2023-06-27 10:17:22.762  INFO 4832 --- [http-nio-9999-exec-8] com.zaxxer.hikari.HikariDataSource       : HikariPool-1 - Starting...
2023-06-27 10:17:23.305  INFO 4832 --- [http-nio-9999-exec-8] com.zaxxer.hikari.HikariDataSource       : HikariPool-1 - Start completed.
2023-06-27 10:17:23.312 DEBUG 4832 --- [http-nio-9999-exec-8] c.p.mapper.GridMemberMapper.selectList   : ==>  Preparing: SELECT gm_id,gm_name,gm_code,password,province_id,city_id,tel,state,remarks FROM grid_member WHERE (province_id = ? AND city_id = ? AND state = ?)
2023-06-27 10:17:23.335 DEBUG 4832 --- [http-nio-9999-exec-8] c.p.mapper.GridMemberMapper.selectList   : ==> Parameters: null, null, 1(Integer)
2023-06-27 10:17:23.382 DEBUG 4832 --- [http-nio-9999-exec-8] c.p.mapper.GridMemberMapper.selectList   : <==      Total: 0
2023-06-27 10:17:30.314 DEBUG 4832 --- [http-nio-9999-exec-9] c.p.mapper.GridMemberMapper.selectList   : ==>  Preparing: SELECT gm_id,gm_name,gm_code,password,province_id,city_id,tel,state,remarks FROM grid_member WHERE (province_id = ? AND city_id = ? AND state = ?)
2023-06-27 10:17:30.314 DEBUG 4832 --- [http-nio-9999-exec-9] c.p.mapper.GridMemberMapper.selectList   : ==> Parameters: null, null, 0(Integer)
2023-06-27 10:17:30.341 DEBUG 4832 --- [http-nio-9999-exec-9] c.p.mapper.GridMemberMapper.selectList   : <==      Total: 0
2023-06-27 10:17:53.314  INFO 4832 --- [SpringContextShutdownHook] o.s.s.c.ThreadPoolTaskScheduler          : Shutting down ExecutorService 'taskScheduler'
2023-06-27 10:17:53.316  INFO 4832 --- [SpringContextShutdownHook] o.s.s.concurrent.ThreadPoolTaskExecutor  : Shutting down ExecutorService 'applicationTaskExecutor'
2023-06-27 10:17:53.320  INFO 4832 --- [SpringContextShutdownHook] com.zaxxer.hikari.HikariDataSource       : HikariPool-1 - Shutdown initiated...
2023-06-27 10:17:53.583  INFO 4832 --- [SpringContextShutdownHook] com.zaxxer.hikari.HikariDataSource       : HikariPool-1 - Shutdown completed.
2023-06-27 10:18:02.730  INFO 17212 --- [main] com.peels.WebApplication                 : No active profile set, falling back to default profiles: default
2023-06-27 10:18:03.543  INFO 17212 --- [main] .s.d.r.c.RepositoryConfigurationDelegate : Multiple Spring Data modules found, entering strict repository configuration mode!
2023-06-27 10:18:03.545  INFO 17212 --- [main] .s.d.r.c.RepositoryConfigurationDelegate : Bootstrapping Spring Data Redis repositories in DEFAULT mode.
2023-06-27 10:18:03.576  INFO 17212 --- [main] .s.d.r.c.RepositoryConfigurationDelegate : Finished Spring Data repository scanning in 20ms. Found 0 Redis repository interfaces.
2023-06-27 10:18:03.830  INFO 17212 --- [main] o.s.cloud.context.scope.GenericScope     : BeanFactory id=7f4f4610-bc8d-3799-87d2-8dd33beb45ee
2023-06-27 10:18:04.576  INFO 17212 --- [main] o.s.b.w.embedded.tomcat.TomcatWebServer  : Tomcat initialized with port(s): 9999 (http)
2023-06-27 10:18:04.585  INFO 17212 --- [main] o.apache.catalina.core.StandardService   : Starting service [Tomcat]
2023-06-27 10:18:04.585  INFO 17212 --- [main] org.apache.catalina.core.StandardEngine  : Starting Servlet engine: [Apache Tomcat/9.0.43]
2023-06-27 10:18:04.803  INFO 17212 --- [main] o.a.c.c.C.[Tomcat].[localhost].[/]       : Initializing Spring embedded WebApplicationContext
2023-06-27 10:18:04.804  INFO 17212 --- [main] w.s.c.ServletWebServerApplicationContext : Root WebApplicationContext: initialization completed in 2052 ms
2023-06-27 10:18:06.474  INFO 17212 --- [main] pertySourcedRequestMappingHandlerMapping : Mapped URL path [/v2/api-docs] onto method [springfox.documentation.swagger2.web.Swagger2Controller#getDocumentation(String, HttpServletRequest)]
2023-06-27 10:18:06.513  WARN 17212 --- [main] c.n.c.sources.URLConfigurationSource     : No URLs will be polled as dynamic configuration sources.
2023-06-27 10:18:06.513  INFO 17212 --- [main] c.n.c.sources.URLConfigurationSource     : To enable URLs as dynamic configuration sources, define System property archaius.configurationSource.additionalUrls or make config.properties available on classpath.
2023-06-27 10:18:06.518  WARN 17212 --- [main] c.n.c.sources.URLConfigurationSource     : No URLs will be polled as dynamic configuration sources.
2023-06-27 10:18:06.519  INFO 17212 --- [main] c.n.c.sources.URLConfigurationSource     : To enable URLs as dynamic configuration sources, define System property archaius.configurationSource.additionalUrls or make config.properties available on classpath.
2023-06-27 10:18:06.623  INFO 17212 --- [main] o.s.s.concurrent.ThreadPoolTaskExecutor  : Initializing ExecutorService 'applicationTaskExecutor'
2023-06-27 10:18:07.041  INFO 17212 --- [main] o.s.s.c.ThreadPoolTaskScheduler          : Initializing ExecutorService 'taskScheduler'
2023-06-27 10:18:08.265  INFO 17212 --- [main] o.s.cloud.commons.util.InetUtils         : Cannot determine local hostname
2023-06-27 10:18:08.490  INFO 17212 --- [main] o.s.b.w.embedded.tomcat.TomcatWebServer  : Tomcat started on port(s): 9999 (http) with context path ''
2023-06-27 10:18:09.717  INFO 17212 --- [main] o.s.cloud.commons.util.InetUtils         : Cannot determine local hostname
2023-06-27 10:18:09.718  INFO 17212 --- [main] d.s.w.p.DocumentationPluginsBootstrapper : Context refreshed
2023-06-27 10:18:09.747  INFO 17212 --- [main] d.s.w.p.DocumentationPluginsBootstrapper : Found 1 custom documentation plugin(s)
2023-06-27 10:18:09.842  INFO 17212 --- [main] s.d.s.w.s.ApiListingReferenceScanner     : Scanning for api listing references
2023-06-27 10:18:10.149  INFO 17212 --- [main] com.peels.WebApplication                 : Started WebApplication in 10.471 seconds (JVM running for 11.275)
2023-06-27 10:18:52.556  INFO 17212 --- [http-nio-9999-exec-1] o.a.c.c.C.[Tomcat].[localhost].[/]       : Initializing Spring DispatcherServlet 'dispatcherServlet'
2023-06-27 10:18:52.556  INFO 17212 --- [http-nio-9999-exec-1] o.s.web.servlet.DispatcherServlet        : Initializing Servlet 'dispatcherServlet'
2023-06-27 10:18:52.564  INFO 17212 --- [http-nio-9999-exec-1] o.s.web.servlet.DispatcherServlet        : Completed initialization in 8 ms
2023-06-27 10:19:08.706  INFO 17212 --- [http-nio-9999-exec-1] com.zaxxer.hikari.HikariDataSource       : HikariPool-1 - Starting...
2023-06-27 10:19:10.583  INFO 17212 --- [http-nio-9999-exec-1] com.zaxxer.hikari.HikariDataSource       : HikariPool-1 - Start completed.
2023-06-27 10:19:10.647 DEBUG 17212 --- [http-nio-9999-exec-1] c.p.mapper.GridMemberMapper.selectList   : ==>  Preparing: SELECT gm_id,gm_name,gm_code,password,province_id,city_id,tel,state,remarks FROM grid_member WHERE (province_id = ? AND city_id = ? AND state = ?)
2023-06-27 10:19:10.875 DEBUG 17212 --- [http-nio-9999-exec-1] c.p.mapper.GridMemberMapper.selectList   : ==> Parameters: 6(Integer), 6(Integer), 1(Integer)
2023-06-27 10:19:11.112 DEBUG 17212 --- [http-nio-9999-exec-1] c.p.mapper.GridMemberMapper.selectList   : <==      Total: 1
2023-06-27 10:19:11.163  WARN 17212 --- [http-nio-9999-exec-1] .m.m.a.ExceptionHandlerExceptionResolver : Failure in @ExceptionHandler com.peels.interception.GlobalExceptionHandler#handlerException(Exception)

java.lang.NullPointerException: Cannot invoke "String.indexOf(String)" because "sanitized" is null
	at org.springframework.web.util.UrlPathHelper.getSanitizedPath(UrlPathHelper.java:355) ~[spring-web-5.2.13.RELEASE.jar:5.2.13.RELEASE]
	at org.springframework.web.util.UrlPathHelper.decodeAndCleanUriString(UrlPathHelper.java:495) ~[spring-web-5.2.13.RELEASE.jar:5.2.13.RELEASE]
	at org.springframework.web.util.UrlPathHelper.getOriginatingRequestUri(UrlPathHelper.java:440) ~[spring-web-5.2.13.RELEASE.jar:5.2.13.RELEASE]
	at org.springframework.web.servlet.mvc.method.annotation.AbstractMessageConverterMethodProcessor.addContentDispositionHeader(AbstractMessageConverterMethodProcessor.java:423) ~[spring-webmvc-5.2.13.RELEASE.jar:5.2.13.RELEASE]
	at org.springframework.web.servlet.mvc.method.annotation.AbstractMessageConverterMethodProcessor.writeWithMessageConverters(AbstractMessageConverterMethodProcessor.java:275) ~[spring-webmvc-5.2.13.RELEASE.jar:5.2.13.RELEASE]
	at org.springframework.web.servlet.mvc.method.annotation.RequestResponseBodyMethodProcessor.handleReturnValue(RequestResponseBodyMethodProcessor.java:181) ~[spring-webmvc-5.2.13.RELEASE.jar:5.2.13.RELEASE]
	at org.springframework.web.method.support.HandlerMethodReturnValueHandlerComposite.handleReturnValue(HandlerMethodReturnValueHandlerComposite.java:82) ~[spring-web-5.2.13.RELEASE.jar:5.2.13.RELEASE]
	at org.springframework.web.servlet.mvc.method.annotation.ServletInvocableHandlerMethod.invokeAndHandle(ServletInvocableHandlerMethod.java:123) ~[spring-webmvc-5.2.13.RELEASE.jar:5.2.13.RELEASE]
	at org.springframework.web.servlet.mvc.method.annotation.ExceptionHandlerExceptionResolver.doResolveHandlerMethodException(ExceptionHandlerExceptionResolver.java:407) ~[spring-webmvc-5.2.13.RELEASE.jar:5.2.13.RELEASE]
	at org.springframework.web.servlet.handler.AbstractHandlerMethodExceptionResolver.doResolveException(AbstractHandlerMethodExceptionResolver.java:61) ~[spring-webmvc-5.2.13.RELEASE.jar:5.2.13.RELEASE]
	at org.springframework.web.servlet.handler.AbstractHandlerExceptionResolver.resolveException(AbstractHandlerExceptionResolver.java:141) ~[spring-webmvc-5.2.13.RELEASE.jar:5.2.13.RELEASE]
	at org.springframework.web.servlet.handler.HandlerExceptionResolverComposite.resolveException(HandlerExceptionResolverComposite.java:80) ~[spring-webmvc-5.2.13.RELEASE.jar:5.2.13.RELEASE]
	at org.springframework.web.servlet.DispatcherServlet.processHandlerException(DispatcherServlet.java:1300) ~[spring-webmvc-5.2.13.RELEASE.jar:5.2.13.RELEASE]
	at org.springframework.web.servlet.DispatcherServlet.processDispatchResult(DispatcherServlet.java:1111) ~[spring-webmvc-5.2.13.RELEASE.jar:5.2.13.RELEASE]
	at org.springframework.web.servlet.DispatcherServlet.doDispatch(DispatcherServlet.java:1057) ~[spring-webmvc-5.2.13.RELEASE.jar:5.2.13.RELEASE]
	at org.springframework.web.servlet.DispatcherServlet.doService(DispatcherServlet.java:943) ~[spring-webmvc-5.2.13.RELEASE.jar:5.2.13.RELEASE]
	at org.springframework.web.servlet.FrameworkServlet.processRequest(FrameworkServlet.java:1006) ~[spring-webmvc-5.2.13.RELEASE.jar:5.2.13.RELEASE]
	at org.springframework.web.servlet.FrameworkServlet.doPost(FrameworkServlet.java:909) ~[spring-webmvc-5.2.13.RELEASE.jar:5.2.13.RELEASE]
	at javax.servlet.http.HttpServlet.service(HttpServlet.java:652) ~[tomcat-embed-core-9.0.43.jar:4.0.FR]
	at org.springframework.web.servlet.FrameworkServlet.service(FrameworkServlet.java:883) ~[spring-webmvc-5.2.13.RELEASE.jar:5.2.13.RELEASE]
	at javax.servlet.http.HttpServlet.service(HttpServlet.java:733) ~[tomcat-embed-core-9.0.43.jar:4.0.FR]
	at org.apache.catalina.core.ApplicationFilterChain.internalDoFilter(ApplicationFilterChain.java:227) ~[tomcat-embed-core-9.0.43.jar:9.0.43]
	at org.apache.catalina.core.ApplicationFilterChain.doFilter(ApplicationFilterChain.java:162) ~[tomcat-embed-core-9.0.43.jar:9.0.43]
	at org.apache.tomcat.websocket.server.WsFilter.doFilter(WsFilter.java:53) ~[tomcat-embed-websocket-9.0.43.jar:9.0.43]
	at org.apache.catalina.core.ApplicationFilterChain.internalDoFilter(ApplicationFilterChain.java:189) ~[tomcat-embed-core-9.0.43.jar:9.0.43]
	at org.apache.catalina.core.ApplicationFilterChain.doFilter(ApplicationFilterChain.java:162) ~[tomcat-embed-core-9.0.43.jar:9.0.43]
	at org.springframework.web.filter.RequestContextFilter.doFilterInternal(RequestContextFilter.java:100) ~[spring-web-5.2.13.RELEASE.jar:5.2.13.RELEASE]
	at org.springframework.web.filter.OncePerRequestFilter.doFilter(OncePerRequestFilter.java:119) ~[spring-web-5.2.13.RELEASE.jar:5.2.13.RELEASE]
	at org.apache.catalina.core.ApplicationFilterChain.internalDoFilter(ApplicationFilterChain.java:189) ~[tomcat-embed-core-9.0.43.jar:9.0.43]
	at org.apache.catalina.core.ApplicationFilterChain.doFilter(ApplicationFilterChain.java:162) ~[tomcat-embed-core-9.0.43.jar:9.0.43]
	at org.springframework.web.filter.FormContentFilter.doFilterInternal(FormContentFilter.java:93) ~[spring-web-5.2.13.RELEASE.jar:5.2.13.RELEASE]
	at org.springframework.web.filter.OncePerRequestFilter.doFilter(OncePerRequestFilter.java:119) ~[spring-web-5.2.13.RELEASE.jar:5.2.13.RELEASE]
	at org.apache.catalina.core.ApplicationFilterChain.internalDoFilter(ApplicationFilterChain.java:189) ~[tomcat-embed-core-9.0.43.jar:9.0.43]
	at org.apache.catalina.core.ApplicationFilterChain.doFilter(ApplicationFilterChain.java:162) ~[tomcat-embed-core-9.0.43.jar:9.0.43]
	at org.springframework.web.filter.CharacterEncodingFilter.doFilterInternal(CharacterEncodingFilter.java:201) ~[spring-web-5.2.13.RELEASE.jar:5.2.13.RELEASE]
	at org.springframework.web.filter.OncePerRequestFilter.doFilter(OncePerRequestFilter.java:119) ~[spring-web-5.2.13.RELEASE.jar:5.2.13.RELEASE]
	at org.apache.catalina.core.ApplicationFilterChain.internalDoFilter(ApplicationFilterChain.java:189) ~[tomcat-embed-core-9.0.43.jar:9.0.43]
	at org.apache.catalina.core.ApplicationFilterChain.doFilter(ApplicationFilterChain.java:162) ~[tomcat-embed-core-9.0.43.jar:9.0.43]
	at org.apache.catalina.core.StandardWrapperValve.invoke(StandardWrapperValve.java:202) ~[tomcat-embed-core-9.0.43.jar:9.0.43]
	at org.apache.catalina.core.StandardContextValve.invoke(StandardContextValve.java:97) ~[tomcat-embed-core-9.0.43.jar:9.0.43]
	at org.apache.catalina.authenticator.AuthenticatorBase.invoke(AuthenticatorBase.java:542) ~[tomcat-embed-core-9.0.43.jar:9.0.43]
	at org.apache.catalina.core.StandardHostValve.invoke(StandardHostValve.java:143) ~[tomcat-embed-core-9.0.43.jar:9.0.43]
	at org.apache.catalina.valves.ErrorReportValve.invoke(ErrorReportValve.java:92) ~[tomcat-embed-core-9.0.43.jar:9.0.43]
	at org.apache.catalina.core.StandardEngineValve.invoke(StandardEngineValve.java:78) ~[tomcat-embed-core-9.0.43.jar:9.0.43]
	at org.apache.catalina.connector.CoyoteAdapter.service(CoyoteAdapter.java:346) ~[tomcat-embed-core-9.0.43.jar:9.0.43]
	at org.apache.coyote.http11.Http11Processor.service(Http11Processor.java:374) ~[tomcat-embed-core-9.0.43.jar:9.0.43]
	at org.apache.coyote.AbstractProcessorLight.process(AbstractProcessorLight.java:65) ~[tomcat-embed-core-9.0.43.jar:9.0.43]
	at org.apache.coyote.AbstractProtocol$ConnectionHandler.process(AbstractProtocol.java:887) ~[tomcat-embed-core-9.0.43.jar:9.0.43]
	at org.apache.tomcat.util.net.NioEndpoint$SocketProcessor.doRun(NioEndpoint.java:1684) ~[tomcat-embed-core-9.0.43.jar:9.0.43]
	at org.apache.tomcat.util.net.SocketProcessorBase.run(SocketProcessorBase.java:49) ~[tomcat-embed-core-9.0.43.jar:9.0.43]
	at java.base/java.util.concurrent.ThreadPoolExecutor.runWorker(ThreadPoolExecutor.java:1130) ~[na:na]
	at java.base/java.util.concurrent.ThreadPoolExecutor$Worker.run(ThreadPoolExecutor.java:630) ~[na:na]
	at org.apache.tomcat.util.threads.TaskThread$WrappingRunnable.run(TaskThread.java:61) ~[tomcat-embed-core-9.0.43.jar:9.0.43]
	at java.base/java.lang.Thread.run(Thread.java:831) ~[na:na]

2023-06-27 10:19:11.174  INFO 17212 --- [SpringContextShutdownHook] o.s.s.c.ThreadPoolTaskScheduler          : Shutting down ExecutorService 'taskScheduler'
2023-06-27 10:19:11.176  INFO 17212 --- [SpringContextShutdownHook] o.s.s.concurrent.ThreadPoolTaskExecutor  : Shutting down ExecutorService 'applicationTaskExecutor'
2023-06-27 10:19:11.179  INFO 17212 --- [SpringContextShutdownHook] com.zaxxer.hikari.HikariDataSource       : HikariPool-1 - Shutdown initiated...
2023-06-27 10:19:11.304  INFO 17212 --- [SpringContextShutdownHook] com.zaxxer.hikari.HikariDataSource       : HikariPool-1 - Shutdown completed.
2023-06-27 10:19:17.645  INFO 23728 --- [main] com.peels.WebApplication                 : No active profile set, falling back to default profiles: default
2023-06-27 10:19:18.428  INFO 23728 --- [main] .s.d.r.c.RepositoryConfigurationDelegate : Multiple Spring Data modules found, entering strict repository configuration mode!
2023-06-27 10:19:18.430  INFO 23728 --- [main] .s.d.r.c.RepositoryConfigurationDelegate : Bootstrapping Spring Data Redis repositories in DEFAULT mode.
2023-06-27 10:19:18.461  INFO 23728 --- [main] .s.d.r.c.RepositoryConfigurationDelegate : Finished Spring Data repository scanning in 19ms. Found 0 Redis repository interfaces.
2023-06-27 10:19:18.687  INFO 23728 --- [main] o.s.cloud.context.scope.GenericScope     : BeanFactory id=7f4f4610-bc8d-3799-87d2-8dd33beb45ee
2023-06-27 10:19:19.368  INFO 23728 --- [main] o.s.b.w.embedded.tomcat.TomcatWebServer  : Tomcat initialized with port(s): 9999 (http)
2023-06-27 10:19:19.377  INFO 23728 --- [main] o.apache.catalina.core.StandardService   : Starting service [Tomcat]
2023-06-27 10:19:19.377  INFO 23728 --- [main] org.apache.catalina.core.StandardEngine  : Starting Servlet engine: [Apache Tomcat/9.0.43]
2023-06-27 10:19:19.576  INFO 23728 --- [main] o.a.c.c.C.[Tomcat].[localhost].[/]       : Initializing Spring embedded WebApplicationContext
2023-06-27 10:19:19.576  INFO 23728 --- [main] w.s.c.ServletWebServerApplicationContext : Root WebApplicationContext: initialization completed in 1911 ms
2023-06-27 10:19:21.142  INFO 23728 --- [main] pertySourcedRequestMappingHandlerMapping : Mapped URL path [/v2/api-docs] onto method [springfox.documentation.swagger2.web.Swagger2Controller#getDocumentation(String, HttpServletRequest)]
2023-06-27 10:19:21.180  WARN 23728 --- [main] c.n.c.sources.URLConfigurationSource     : No URLs will be polled as dynamic configuration sources.
2023-06-27 10:19:21.180  INFO 23728 --- [main] c.n.c.sources.URLConfigurationSource     : To enable URLs as dynamic configuration sources, define System property archaius.configurationSource.additionalUrls or make config.properties available on classpath.
2023-06-27 10:19:21.184  WARN 23728 --- [main] c.n.c.sources.URLConfigurationSource     : No URLs will be polled as dynamic configuration sources.
2023-06-27 10:19:21.184  INFO 23728 --- [main] c.n.c.sources.URLConfigurationSource     : To enable URLs as dynamic configuration sources, define System property archaius.configurationSource.additionalUrls or make config.properties available on classpath.
2023-06-27 10:19:21.284  INFO 23728 --- [main] o.s.s.concurrent.ThreadPoolTaskExecutor  : Initializing ExecutorService 'applicationTaskExecutor'
2023-06-27 10:19:21.681  INFO 23728 --- [main] o.s.s.c.ThreadPoolTaskScheduler          : Initializing ExecutorService 'taskScheduler'
2023-06-27 10:19:22.910  INFO 23728 --- [main] o.s.cloud.commons.util.InetUtils         : Cannot determine local hostname
2023-06-27 10:19:23.114  INFO 23728 --- [main] o.s.b.w.embedded.tomcat.TomcatWebServer  : Tomcat started on port(s): 9999 (http) with context path ''
2023-06-27 10:19:24.311  INFO 23728 --- [main] o.s.cloud.commons.util.InetUtils         : Cannot determine local hostname
2023-06-27 10:19:24.311  INFO 23728 --- [main] d.s.w.p.DocumentationPluginsBootstrapper : Context refreshed
2023-06-27 10:19:24.330  INFO 23728 --- [main] d.s.w.p.DocumentationPluginsBootstrapper : Found 1 custom documentation plugin(s)
2023-06-27 10:19:24.363  INFO 23728 --- [main] s.d.s.w.s.ApiListingReferenceScanner     : Scanning for api listing references
2023-06-27 10:19:24.607  INFO 23728 --- [main] com.peels.WebApplication                 : Started WebApplication in 10.028 seconds (JVM running for 10.914)
2023-06-27 10:19:26.324  INFO 23728 --- [http-nio-9999-exec-1] o.a.c.c.C.[Tomcat].[localhost].[/]       : Initializing Spring DispatcherServlet 'dispatcherServlet'
2023-06-27 10:19:26.324  INFO 23728 --- [http-nio-9999-exec-1] o.s.web.servlet.DispatcherServlet        : Initializing Servlet 'dispatcherServlet'
2023-06-27 10:19:26.333  INFO 23728 --- [http-nio-9999-exec-1] o.s.web.servlet.DispatcherServlet        : Completed initialization in 9 ms
2023-06-27 10:19:26.475  INFO 23728 --- [http-nio-9999-exec-1] com.zaxxer.hikari.HikariDataSource       : HikariPool-1 - Starting...
2023-06-27 10:19:27.031  INFO 23728 --- [http-nio-9999-exec-1] com.zaxxer.hikari.HikariDataSource       : HikariPool-1 - Start completed.
2023-06-27 10:19:27.038 DEBUG 23728 --- [http-nio-9999-exec-1] c.p.mapper.GridMemberMapper.selectList   : ==>  Preparing: SELECT gm_id,gm_name,gm_code,password,province_id,city_id,tel,state,remarks FROM grid_member WHERE (province_id = ? AND city_id = ? AND state = ?)
2023-06-27 10:19:27.061 DEBUG 23728 --- [http-nio-9999-exec-1] c.p.mapper.GridMemberMapper.selectList   : ==> Parameters: 6(Integer), 6(Integer), 1(Integer)
2023-06-27 10:19:27.107 DEBUG 23728 --- [http-nio-9999-exec-1] c.p.mapper.GridMemberMapper.selectList   : <==      Total: 1
2023-06-27 10:19:37.367 DEBUG 23728 --- [http-nio-9999-exec-3] c.p.mapper.GridMemberMapper.selectList   : ==>  Preparing: SELECT gm_id,gm_name,gm_code,password,province_id,city_id,tel,state,remarks FROM grid_member WHERE (province_id = ? AND city_id = ? AND state = ?)
2023-06-27 10:19:37.368 DEBUG 23728 --- [http-nio-9999-exec-3] c.p.mapper.GridMemberMapper.selectList   : ==> Parameters: 6(Integer), 6(Integer), 0(Integer)
2023-06-27 10:19:37.396 DEBUG 23728 --- [http-nio-9999-exec-3] c.p.mapper.GridMemberMapper.selectList   : <==      Total: 3
2023-06-27 10:24:16.016  INFO 23728 --- [SpringContextShutdownHook] o.s.s.c.ThreadPoolTaskScheduler          : Shutting down ExecutorService 'taskScheduler'
2023-06-27 10:24:16.018  INFO 23728 --- [SpringContextShutdownHook] o.s.s.concurrent.ThreadPoolTaskExecutor  : Shutting down ExecutorService 'applicationTaskExecutor'
2023-06-27 10:24:16.021  INFO 23728 --- [SpringContextShutdownHook] com.zaxxer.hikari.HikariDataSource       : HikariPool-1 - Shutdown initiated...
2023-06-27 10:24:26.036  INFO 23728 --- [SpringContextShutdownHook] com.zaxxer.hikari.HikariDataSource       : HikariPool-1 - Shutdown completed.
2023-06-27 10:24:36.143  INFO 1096 --- [main] com.peels.WebApplication                 : No active profile set, falling back to default profiles: default
2023-06-27 10:24:36.908  INFO 1096 --- [main] .s.d.r.c.RepositoryConfigurationDelegate : Multiple Spring Data modules found, entering strict repository configuration mode!
2023-06-27 10:24:36.910  INFO 1096 --- [main] .s.d.r.c.RepositoryConfigurationDelegate : Bootstrapping Spring Data Redis repositories in DEFAULT mode.
2023-06-27 10:24:36.945  INFO 1096 --- [main] .s.d.r.c.RepositoryConfigurationDelegate : Finished Spring Data repository scanning in 22ms. Found 0 Redis repository interfaces.
2023-06-27 10:24:37.195  INFO 1096 --- [main] o.s.cloud.context.scope.GenericScope     : BeanFactory id=7f4f4610-bc8d-3799-87d2-8dd33beb45ee
2023-06-27 10:24:37.854  INFO 1096 --- [main] o.s.b.w.embedded.tomcat.TomcatWebServer  : Tomcat initialized with port(s): 9999 (http)
2023-06-27 10:24:37.864  INFO 1096 --- [main] o.apache.catalina.core.StandardService   : Starting service [Tomcat]
2023-06-27 10:24:37.864  INFO 1096 --- [main] org.apache.catalina.core.StandardEngine  : Starting Servlet engine: [Apache Tomcat/9.0.43]
2023-06-27 10:24:38.074  INFO 1096 --- [main] o.a.c.c.C.[Tomcat].[localhost].[/]       : Initializing Spring embedded WebApplicationContext
2023-06-27 10:24:38.074  INFO 1096 --- [main] w.s.c.ServletWebServerApplicationContext : Root WebApplicationContext: initialization completed in 1912 ms
2023-06-27 10:24:39.610  INFO 1096 --- [main] pertySourcedRequestMappingHandlerMapping : Mapped URL path [/v2/api-docs] onto method [springfox.documentation.swagger2.web.Swagger2Controller#getDocumentation(String, HttpServletRequest)]
2023-06-27 10:24:39.645  WARN 1096 --- [main] c.n.c.sources.URLConfigurationSource     : No URLs will be polled as dynamic configuration sources.
2023-06-27 10:24:39.646  INFO 1096 --- [main] c.n.c.sources.URLConfigurationSource     : To enable URLs as dynamic configuration sources, define System property archaius.configurationSource.additionalUrls or make config.properties available on classpath.
2023-06-27 10:24:39.650  WARN 1096 --- [main] c.n.c.sources.URLConfigurationSource     : No URLs will be polled as dynamic configuration sources.
2023-06-27 10:24:39.650  INFO 1096 --- [main] c.n.c.sources.URLConfigurationSource     : To enable URLs as dynamic configuration sources, define System property archaius.configurationSource.additionalUrls or make config.properties available on classpath.
2023-06-27 10:24:39.741  INFO 1096 --- [main] o.s.s.concurrent.ThreadPoolTaskExecutor  : Initializing ExecutorService 'applicationTaskExecutor'
2023-06-27 10:24:40.127  INFO 1096 --- [main] o.s.s.c.ThreadPoolTaskScheduler          : Initializing ExecutorService 'taskScheduler'
2023-06-27 10:24:41.354  INFO 1096 --- [main] o.s.cloud.commons.util.InetUtils         : Cannot determine local hostname
2023-06-27 10:24:41.558  INFO 1096 --- [main] o.s.b.w.embedded.tomcat.TomcatWebServer  : Tomcat started on port(s): 9999 (http) with context path ''
2023-06-27 10:24:42.770  INFO 1096 --- [main] o.s.cloud.commons.util.InetUtils         : Cannot determine local hostname
2023-06-27 10:24:42.771  INFO 1096 --- [main] d.s.w.p.DocumentationPluginsBootstrapper : Context refreshed
2023-06-27 10:24:42.789  INFO 1096 --- [main] d.s.w.p.DocumentationPluginsBootstrapper : Found 1 custom documentation plugin(s)
2023-06-27 10:24:42.818  INFO 1096 --- [main] s.d.s.w.s.ApiListingReferenceScanner     : Scanning for api listing references
2023-06-27 10:24:43.059  INFO 1096 --- [main] com.peels.WebApplication                 : Started WebApplication in 9.936 seconds (JVM running for 10.862)
2023-06-27 10:24:50.160  INFO 1096 --- [http-nio-9999-exec-1] o.a.c.c.C.[Tomcat].[localhost].[/]       : Initializing Spring DispatcherServlet 'dispatcherServlet'
2023-06-27 10:24:50.160  INFO 1096 --- [http-nio-9999-exec-1] o.s.web.servlet.DispatcherServlet        : Initializing Servlet 'dispatcherServlet'
2023-06-27 10:24:50.168  INFO 1096 --- [http-nio-9999-exec-1] o.s.web.servlet.DispatcherServlet        : Completed initialization in 8 ms
2023-06-27 10:25:23.776  INFO 1096 --- [http-nio-9999-exec-10] com.zaxxer.hikari.HikariDataSource       : HikariPool-1 - Starting...
2023-06-27 10:25:24.346  INFO 1096 --- [http-nio-9999-exec-10] com.zaxxer.hikari.HikariDataSource       : HikariPool-1 - Start completed.
2023-06-27 10:25:24.353 DEBUG 1096 --- [http-nio-9999-exec-10] c.p.mapper.GridCityMapper.selectList     : ==>  Preparing: SELECT city_id,city_name,province_id,remarks FROM grid_city WHERE (province_id = ?)
2023-06-27 10:25:24.374 DEBUG 1096 --- [http-nio-9999-exec-10] c.p.mapper.GridCityMapper.selectList     : ==> Parameters: null
2023-06-27 10:25:24.422 DEBUG 1096 --- [http-nio-9999-exec-10] c.p.mapper.GridCityMapper.selectList     : <==      Total: 0
2023-06-27 10:28:13.504 DEBUG 1096 --- [http-nio-9999-exec-2] c.p.mapper.GridCityMapper.selectList     : ==>  Preparing: SELECT city_id,city_name,province_id,remarks FROM grid_city WHERE (province_id = ?)
2023-06-27 10:28:13.504 DEBUG 1096 --- [http-nio-9999-exec-2] c.p.mapper.GridCityMapper.selectList     : ==> Parameters: 6(Integer)
2023-06-27 10:28:13.534 DEBUG 1096 --- [http-nio-9999-exec-2] c.p.mapper.GridCityMapper.selectList     : <==      Total: 2
2023-06-27 10:28:25.265 DEBUG 1096 --- [http-nio-9999-exec-4] c.p.mapper.GridCityMapper.selectList     : ==>  Preparing: SELECT city_id,city_name,province_id,remarks FROM grid_city WHERE (province_id = ?)
2023-06-27 10:28:25.265 DEBUG 1096 --- [http-nio-9999-exec-4] c.p.mapper.GridCityMapper.selectList     : ==> Parameters: 2(Integer)
2023-06-27 10:28:25.295 DEBUG 1096 --- [http-nio-9999-exec-4] c.p.mapper.GridCityMapper.selectList     : <==      Total: 1
2023-06-27 10:28:33.435 DEBUG 1096 --- [http-nio-9999-exec-6] c.p.mapper.GridCityMapper.selectList     : ==>  Preparing: SELECT city_id,city_name,province_id,remarks FROM grid_city WHERE (province_id = ?)
2023-06-27 10:28:33.436 DEBUG 1096 --- [http-nio-9999-exec-6] c.p.mapper.GridCityMapper.selectList     : ==> Parameters: 8(Integer)
2023-06-27 10:28:33.465 DEBUG 1096 --- [http-nio-9999-exec-6] c.p.mapper.GridCityMapper.selectList     : <==      Total: 1
2023-06-27 10:30:40.148  INFO 1096 --- [SpringContextShutdownHook] o.s.s.c.ThreadPoolTaskScheduler          : Shutting down ExecutorService 'taskScheduler'
2023-06-27 10:30:40.151  INFO 1096 --- [SpringContextShutdownHook] o.s.s.concurrent.ThreadPoolTaskExecutor  : Shutting down ExecutorService 'applicationTaskExecutor'
2023-06-27 10:30:40.155  INFO 1096 --- [SpringContextShutdownHook] com.zaxxer.hikari.HikariDataSource       : HikariPool-1 - Shutdown initiated...
2023-06-27 10:30:50.173  INFO 1096 --- [SpringContextShutdownHook] com.zaxxer.hikari.HikariDataSource       : HikariPool-1 - Shutdown completed.
2023-06-27 10:31:00.621  INFO 19636 --- [main] com.peels.WebApplication                 : No active profile set, falling back to default profiles: default
2023-06-27 10:31:01.502  INFO 19636 --- [main] .s.d.r.c.RepositoryConfigurationDelegate : Multiple Spring Data modules found, entering strict repository configuration mode!
2023-06-27 10:31:01.504  INFO 19636 --- [main] .s.d.r.c.RepositoryConfigurationDelegate : Bootstrapping Spring Data Redis repositories in DEFAULT mode.
2023-06-27 10:31:01.540  INFO 19636 --- [main] .s.d.r.c.RepositoryConfigurationDelegate : Finished Spring Data repository scanning in 25ms. Found 0 Redis repository interfaces.
2023-06-27 10:31:01.860  INFO 19636 --- [main] o.s.cloud.context.scope.GenericScope     : BeanFactory id=7f4f4610-bc8d-3799-87d2-8dd33beb45ee
2023-06-27 10:31:02.579  INFO 19636 --- [main] o.s.b.w.embedded.tomcat.TomcatWebServer  : Tomcat initialized with port(s): 9999 (http)
2023-06-27 10:31:02.589  INFO 19636 --- [main] o.apache.catalina.core.StandardService   : Starting service [Tomcat]
2023-06-27 10:31:02.589  INFO 19636 --- [main] org.apache.catalina.core.StandardEngine  : Starting Servlet engine: [Apache Tomcat/9.0.43]
2023-06-27 10:31:02.801  INFO 19636 --- [main] o.a.c.c.C.[Tomcat].[localhost].[/]       : Initializing Spring embedded WebApplicationContext
2023-06-27 10:31:02.801  INFO 19636 --- [main] w.s.c.ServletWebServerApplicationContext : Root WebApplicationContext: initialization completed in 2160 ms
2023-06-27 10:31:04.036  WARN 19636 --- [main] ConfigServletWebServerApplicationContext : Exception encountered during context initialization - cancelling refresh attempt: org.springframework.beans.factory.BeanCreationException: Error creating bean with name 'gridProvinceController': Injection of resource dependencies failed; nested exception is org.springframework.beans.factory.NoSuchBeanDefinitionException: No qualifying bean of type 'com.peels.service.impl.GridProvinceServiceImpl' available: expected at least 1 bean which qualifies as autowire candidate. Dependency annotations: {@javax.annotation.Resource(shareable=true, lookup="", name="", description="", authenticationType=CONTAINER, type=java.lang.Object.class, mappedName="")}
2023-06-27 10:31:13.132  INFO 21340 --- [main] com.peels.WebApplication                 : No active profile set, falling back to default profiles: default
2023-06-27 10:31:13.875  INFO 21340 --- [main] .s.d.r.c.RepositoryConfigurationDelegate : Multiple Spring Data modules found, entering strict repository configuration mode!
2023-06-27 10:31:13.877  INFO 21340 --- [main] .s.d.r.c.RepositoryConfigurationDelegate : Bootstrapping Spring Data Redis repositories in DEFAULT mode.
2023-06-27 10:31:13.908  INFO 21340 --- [main] .s.d.r.c.RepositoryConfigurationDelegate : Finished Spring Data repository scanning in 19ms. Found 0 Redis repository interfaces.
2023-06-27 10:31:14.134  INFO 21340 --- [main] o.s.cloud.context.scope.GenericScope     : BeanFactory id=7f4f4610-bc8d-3799-87d2-8dd33beb45ee
2023-06-27 10:31:14.852  INFO 21340 --- [main] o.s.b.w.embedded.tomcat.TomcatWebServer  : Tomcat initialized with port(s): 9999 (http)
2023-06-27 10:31:14.863  INFO 21340 --- [main] o.apache.catalina.core.StandardService   : Starting service [Tomcat]
2023-06-27 10:31:14.863  INFO 21340 --- [main] org.apache.catalina.core.StandardEngine  : Starting Servlet engine: [Apache Tomcat/9.0.43]
2023-06-27 10:31:15.140  INFO 21340 --- [main] o.a.c.c.C.[Tomcat].[localhost].[/]       : Initializing Spring embedded WebApplicationContext
2023-06-27 10:31:15.140  INFO 21340 --- [main] w.s.c.ServletWebServerApplicationContext : Root WebApplicationContext: initialization completed in 1988 ms
2023-06-27 10:31:16.392  WARN 21340 --- [main] ConfigServletWebServerApplicationContext : Exception encountered during context initialization - cancelling refresh attempt: org.springframework.beans.factory.BeanCreationException: Error creating bean with name 'gridProvinceController': Injection of resource dependencies failed; nested exception is org.springframework.beans.factory.NoSuchBeanDefinitionException: No qualifying bean of type 'com.peels.service.impl.GridProvinceServiceImpl' available: expected at least 1 bean which qualifies as autowire candidate. Dependency annotations: {@javax.annotation.Resource(shareable=true, lookup="", name="", description="", authenticationType=CONTAINER, type=java.lang.Object.class, mappedName="")}
2023-06-27 10:31:16.405  INFO 21340 --- [main] o.apache.catalina.core.StandardService   : Stopping service [Tomcat]
2023-06-27 10:31:16.415  INFO 21340 --- [main] ConditionEvaluationReportLoggingListener : 

Error starting ApplicationContext. To display the conditions report re-run your application with 'debug' enabled.
2023-06-27 10:31:16.521 ERROR 21340 --- [main] o.s.b.d.LoggingFailureAnalysisReporter   : 

***************************
APPLICATION FAILED TO START
***************************

Description:

A component required a bean of type 'com.peels.service.impl.GridProvinceServiceImpl' that could not be found.


Action:

Consider defining a bean of type 'com.peels.service.impl.GridProvinceServiceImpl' in your configuration.

2023-06-27 10:31:33.397  INFO 11792 --- [main] com.peels.WebApplication                 : No active profile set, falling back to default profiles: default
2023-06-27 10:31:34.178  INFO 11792 --- [main] .s.d.r.c.RepositoryConfigurationDelegate : Multiple Spring Data modules found, entering strict repository configuration mode!
2023-06-27 10:31:34.180  INFO 11792 --- [main] .s.d.r.c.RepositoryConfigurationDelegate : Bootstrapping Spring Data Redis repositories in DEFAULT mode.
2023-06-27 10:31:34.212  INFO 11792 --- [main] .s.d.r.c.RepositoryConfigurationDelegate : Finished Spring Data repository scanning in 21ms. Found 0 Redis repository interfaces.
2023-06-27 10:31:34.470  INFO 11792 --- [main] o.s.cloud.context.scope.GenericScope     : BeanFactory id=7f4f4610-bc8d-3799-87d2-8dd33beb45ee
2023-06-27 10:31:35.149  INFO 11792 --- [main] o.s.b.w.embedded.tomcat.TomcatWebServer  : Tomcat initialized with port(s): 9999 (http)
2023-06-27 10:31:35.158  INFO 11792 --- [main] o.apache.catalina.core.StandardService   : Starting service [Tomcat]
2023-06-27 10:31:35.158  INFO 11792 --- [main] org.apache.catalina.core.StandardEngine  : Starting Servlet engine: [Apache Tomcat/9.0.43]
2023-06-27 10:31:35.354  INFO 11792 --- [main] o.a.c.c.C.[Tomcat].[localhost].[/]       : Initializing Spring embedded WebApplicationContext
2023-06-27 10:31:35.354  INFO 11792 --- [main] w.s.c.ServletWebServerApplicationContext : Root WebApplicationContext: initialization completed in 1938 ms
2023-06-27 10:31:36.553  WARN 11792 --- [main] ConfigServletWebServerApplicationContext : Exception encountered during context initialization - cancelling refresh attempt: org.springframework.beans.factory.BeanCreationException: Error creating bean with name 'gridProvinceController': Injection of resource dependencies failed; nested exception is org.springframework.beans.factory.NoSuchBeanDefinitionException: No qualifying bean of type 'com.peels.service.impl.GridProvinceServiceImpl' available: expected at least 1 bean which qualifies as autowire candidate. Dependency annotations: {@javax.annotation.Resource(shareable=true, lookup="", name="", description="", authenticationType=CONTAINER, type=java.lang.Object.class, mappedName="")}
2023-06-27 10:31:36.566  INFO 11792 --- [main] o.apache.catalina.core.StandardService   : Stopping service [Tomcat]
2023-06-27 10:31:36.577  INFO 11792 --- [main] ConditionEvaluationReportLoggingListener : 

Error starting ApplicationContext. To display the conditions report re-run your application with 'debug' enabled.
2023-06-27 10:31:36.692 ERROR 11792 --- [main] o.s.b.d.LoggingFailureAnalysisReporter   : 

***************************
APPLICATION FAILED TO START
***************************

Description:

A component required a bean of type 'com.peels.service.impl.GridProvinceServiceImpl' that could not be found.


Action:

Consider defining a bean of type 'com.peels.service.impl.GridProvinceServiceImpl' in your configuration.

2023-06-27 10:31:48.324  INFO 13560 --- [main] com.peels.WebApplication                 : No active profile set, falling back to default profiles: default
2023-06-27 10:31:49.124  INFO 13560 --- [main] .s.d.r.c.RepositoryConfigurationDelegate : Multiple Spring Data modules found, entering strict repository configuration mode!
2023-06-27 10:31:49.126  INFO 13560 --- [main] .s.d.r.c.RepositoryConfigurationDelegate : Bootstrapping Spring Data Redis repositories in DEFAULT mode.
2023-06-27 10:31:49.156  INFO 13560 --- [main] .s.d.r.c.RepositoryConfigurationDelegate : Finished Spring Data repository scanning in 19ms. Found 0 Redis repository interfaces.
2023-06-27 10:31:49.396  INFO 13560 --- [main] o.s.cloud.context.scope.GenericScope     : BeanFactory id=7f4f4610-bc8d-3799-87d2-8dd33beb45ee
2023-06-27 10:31:50.127  INFO 13560 --- [main] o.s.b.w.embedded.tomcat.TomcatWebServer  : Tomcat initialized with port(s): 9999 (http)
2023-06-27 10:31:50.137  INFO 13560 --- [main] o.apache.catalina.core.StandardService   : Starting service [Tomcat]
2023-06-27 10:31:50.137  INFO 13560 --- [main] org.apache.catalina.core.StandardEngine  : Starting Servlet engine: [Apache Tomcat/9.0.43]
2023-06-27 10:31:50.342  INFO 13560 --- [main] o.a.c.c.C.[Tomcat].[localhost].[/]       : Initializing Spring embedded WebApplicationContext
2023-06-27 10:31:50.342  INFO 13560 --- [main] w.s.c.ServletWebServerApplicationContext : Root WebApplicationContext: initialization completed in 2000 ms
2023-06-27 10:31:51.535  WARN 13560 --- [main] ConfigServletWebServerApplicationContext : Exception encountered during context initialization - cancelling refresh attempt: org.springframework.beans.factory.BeanCreationException: Error creating bean with name 'gridProvinceController': Injection of resource dependencies failed; nested exception is org.springframework.beans.factory.NoSuchBeanDefinitionException: No qualifying bean of type 'com.peels.service.impl.GridProvinceServiceImpl' available: expected at least 1 bean which qualifies as autowire candidate. Dependency annotations: {@javax.annotation.Resource(shareable=true, lookup="", name="", description="", authenticationType=CONTAINER, type=java.lang.Object.class, mappedName="")}
2023-06-27 10:31:51.549  INFO 13560 --- [main] o.apache.catalina.core.StandardService   : Stopping service [Tomcat]
2023-06-27 10:31:51.559  INFO 13560 --- [main] ConditionEvaluationReportLoggingListener : 

Error starting ApplicationContext. To display the conditions report re-run your application with 'debug' enabled.
2023-06-27 10:31:51.665 ERROR 13560 --- [main] o.s.b.d.LoggingFailureAnalysisReporter   : 

***************************
APPLICATION FAILED TO START
***************************

Description:

A component required a bean of type 'com.peels.service.impl.GridProvinceServiceImpl' that could not be found.


Action:

Consider defining a bean of type 'com.peels.service.impl.GridProvinceServiceImpl' in your configuration.

2023-06-27 10:32:44.465  INFO 21760 --- [main] com.peels.WebApplication                 : No active profile set, falling back to default profiles: default
2023-06-27 10:32:45.261  INFO 21760 --- [main] .s.d.r.c.RepositoryConfigurationDelegate : Multiple Spring Data modules found, entering strict repository configuration mode!
2023-06-27 10:32:45.263  INFO 21760 --- [main] .s.d.r.c.RepositoryConfigurationDelegate : Bootstrapping Spring Data Redis repositories in DEFAULT mode.
2023-06-27 10:32:45.295  INFO 21760 --- [main] .s.d.r.c.RepositoryConfigurationDelegate : Finished Spring Data repository scanning in 20ms. Found 0 Redis repository interfaces.
2023-06-27 10:32:45.553  INFO 21760 --- [main] o.s.cloud.context.scope.GenericScope     : BeanFactory id=7f4f4610-bc8d-3799-87d2-8dd33beb45ee
2023-06-27 10:32:46.326  INFO 21760 --- [main] o.s.b.w.embedded.tomcat.TomcatWebServer  : Tomcat initialized with port(s): 9999 (http)
2023-06-27 10:32:46.335  INFO 21760 --- [main] o.apache.catalina.core.StandardService   : Starting service [Tomcat]
2023-06-27 10:32:46.335  INFO 21760 --- [main] org.apache.catalina.core.StandardEngine  : Starting Servlet engine: [Apache Tomcat/9.0.43]
2023-06-27 10:32:46.543  INFO 21760 --- [main] o.a.c.c.C.[Tomcat].[localhost].[/]       : Initializing Spring embedded WebApplicationContext
2023-06-27 10:32:46.543  INFO 21760 --- [main] w.s.c.ServletWebServerApplicationContext : Root WebApplicationContext: initialization completed in 2059 ms
2023-06-27 10:32:48.151  INFO 21760 --- [main] pertySourcedRequestMappingHandlerMapping : Mapped URL path [/v2/api-docs] onto method [springfox.documentation.swagger2.web.Swagger2Controller#getDocumentation(String, HttpServletRequest)]
2023-06-27 10:32:48.193  WARN 21760 --- [main] c.n.c.sources.URLConfigurationSource     : No URLs will be polled as dynamic configuration sources.
2023-06-27 10:32:48.194  INFO 21760 --- [main] c.n.c.sources.URLConfigurationSource     : To enable URLs as dynamic configuration sources, define System property archaius.configurationSource.additionalUrls or make config.properties available on classpath.
2023-06-27 10:32:48.198  WARN 21760 --- [main] c.n.c.sources.URLConfigurationSource     : No URLs will be polled as dynamic configuration sources.
2023-06-27 10:32:48.198  INFO 21760 --- [main] c.n.c.sources.URLConfigurationSource     : To enable URLs as dynamic configuration sources, define System property archaius.configurationSource.additionalUrls or make config.properties available on classpath.
2023-06-27 10:32:48.297  INFO 21760 --- [main] o.s.s.concurrent.ThreadPoolTaskExecutor  : Initializing ExecutorService 'applicationTaskExecutor'
2023-06-27 10:32:48.726  INFO 21760 --- [main] o.s.s.c.ThreadPoolTaskScheduler          : Initializing ExecutorService 'taskScheduler'
2023-06-27 10:32:49.969  INFO 21760 --- [main] o.s.cloud.commons.util.InetUtils         : Cannot determine local hostname
2023-06-27 10:32:50.159  INFO 21760 --- [main] o.s.b.w.embedded.tomcat.TomcatWebServer  : Tomcat started on port(s): 9999 (http) with context path ''
2023-06-27 10:32:51.365  INFO 21760 --- [main] o.s.cloud.commons.util.InetUtils         : Cannot determine local hostname
2023-06-27 10:32:51.365  INFO 21760 --- [main] d.s.w.p.DocumentationPluginsBootstrapper : Context refreshed
2023-06-27 10:32:51.380  INFO 21760 --- [main] d.s.w.p.DocumentationPluginsBootstrapper : Found 1 custom documentation plugin(s)
2023-06-27 10:32:51.415  INFO 21760 --- [main] s.d.s.w.s.ApiListingReferenceScanner     : Scanning for api listing references
2023-06-27 10:32:51.682  INFO 21760 --- [main] com.peels.WebApplication                 : Started WebApplication in 10.224 seconds (JVM running for 11.005)
2023-06-27 10:33:26.819  INFO 21760 --- [SpringContextShutdownHook] o.s.s.c.ThreadPoolTaskScheduler          : Shutting down ExecutorService 'taskScheduler'
2023-06-27 10:33:26.821  INFO 21760 --- [SpringContextShutdownHook] o.s.s.concurrent.ThreadPoolTaskExecutor  : Shutting down ExecutorService 'applicationTaskExecutor'
2023-06-27 10:33:36.307  INFO 16448 --- [main] com.peels.WebApplication                 : No active profile set, falling back to default profiles: default
2023-06-27 10:33:37.052  INFO 16448 --- [main] .s.d.r.c.RepositoryConfigurationDelegate : Multiple Spring Data modules found, entering strict repository configuration mode!
2023-06-27 10:33:37.054  INFO 16448 --- [main] .s.d.r.c.RepositoryConfigurationDelegate : Bootstrapping Spring Data Redis repositories in DEFAULT mode.
2023-06-27 10:33:37.091  INFO 16448 --- [main] .s.d.r.c.RepositoryConfigurationDelegate : Finished Spring Data repository scanning in 20ms. Found 0 Redis repository interfaces.
2023-06-27 10:33:37.321  INFO 16448 --- [main] o.s.cloud.context.scope.GenericScope     : BeanFactory id=7f4f4610-bc8d-3799-87d2-8dd33beb45ee
2023-06-27 10:33:37.983  INFO 16448 --- [main] o.s.b.w.embedded.tomcat.TomcatWebServer  : Tomcat initialized with port(s): 9999 (http)
2023-06-27 10:33:37.994  INFO 16448 --- [main] o.apache.catalina.core.StandardService   : Starting service [Tomcat]
2023-06-27 10:33:37.994  INFO 16448 --- [main] org.apache.catalina.core.StandardEngine  : Starting Servlet engine: [Apache Tomcat/9.0.43]
2023-06-27 10:33:38.222  INFO 16448 --- [main] o.a.c.c.C.[Tomcat].[localhost].[/]       : Initializing Spring embedded WebApplicationContext
2023-06-27 10:33:38.222  INFO 16448 --- [main] w.s.c.ServletWebServerApplicationContext : Root WebApplicationContext: initialization completed in 1896 ms
2023-06-27 10:33:39.432  WARN 16448 --- [main] ConfigServletWebServerApplicationContext : Exception encountered during context initialization - cancelling refresh attempt: org.springframework.beans.factory.BeanCreationException: Error creating bean with name 'gridProvinceController': Injection of resource dependencies failed; nested exception is org.springframework.beans.factory.NoSuchBeanDefinitionException: No qualifying bean of type 'com.peels.service.impl.GridProvinceServiceImpl' available: expected at least 1 bean which qualifies as autowire candidate. Dependency annotations: {@javax.annotation.Resource(shareable=true, lookup="", name="", description="", authenticationType=CONTAINER, type=java.lang.Object.class, mappedName="")}
2023-06-27 10:33:39.446  INFO 16448 --- [main] o.apache.catalina.core.StandardService   : Stopping service [Tomcat]
2023-06-27 10:33:39.456  INFO 16448 --- [main] ConditionEvaluationReportLoggingListener : 

Error starting ApplicationContext. To display the conditions report re-run your application with 'debug' enabled.
2023-06-27 10:33:39.557 ERROR 16448 --- [main] o.s.b.d.LoggingFailureAnalysisReporter   : 

***************************
APPLICATION FAILED TO START
***************************

Description:

A component required a bean of type 'com.peels.service.impl.GridProvinceServiceImpl' that could not be found.


Action:

Consider defining a bean of type 'com.peels.service.impl.GridProvinceServiceImpl' in your configuration.

2023-06-27 10:36:33.513  INFO 20224 --- [main] com.peels.WebApplication                 : No active profile set, falling back to default profiles: default
2023-06-27 10:36:34.273  INFO 20224 --- [main] .s.d.r.c.RepositoryConfigurationDelegate : Multiple Spring Data modules found, entering strict repository configuration mode!
2023-06-27 10:36:34.275  INFO 20224 --- [main] .s.d.r.c.RepositoryConfigurationDelegate : Bootstrapping Spring Data Redis repositories in DEFAULT mode.
2023-06-27 10:36:34.305  INFO 20224 --- [main] .s.d.r.c.RepositoryConfigurationDelegate : Finished Spring Data repository scanning in 19ms. Found 0 Redis repository interfaces.
2023-06-27 10:36:34.524  INFO 20224 --- [main] o.s.cloud.context.scope.GenericScope     : BeanFactory id=75c1d7a9-810e-34bb-88b2-3b917cee6959
2023-06-27 10:36:35.176  INFO 20224 --- [main] o.s.b.w.embedded.tomcat.TomcatWebServer  : Tomcat initialized with port(s): 9999 (http)
2023-06-27 10:36:35.184  INFO 20224 --- [main] o.apache.catalina.core.StandardService   : Starting service [Tomcat]
2023-06-27 10:36:35.184  INFO 20224 --- [main] org.apache.catalina.core.StandardEngine  : Starting Servlet engine: [Apache Tomcat/9.0.43]
2023-06-27 10:36:35.382  INFO 20224 --- [main] o.a.c.c.C.[Tomcat].[localhost].[/]       : Initializing Spring embedded WebApplicationContext
2023-06-27 10:36:35.382  INFO 20224 --- [main] w.s.c.ServletWebServerApplicationContext : Root WebApplicationContext: initialization completed in 1851 ms
2023-06-27 10:36:36.930  INFO 20224 --- [main] pertySourcedRequestMappingHandlerMapping : Mapped URL path [/v2/api-docs] onto method [springfox.documentation.swagger2.web.Swagger2Controller#getDocumentation(String, HttpServletRequest)]
2023-06-27 10:36:36.965  WARN 20224 --- [main] c.n.c.sources.URLConfigurationSource     : No URLs will be polled as dynamic configuration sources.
2023-06-27 10:36:36.965  INFO 20224 --- [main] c.n.c.sources.URLConfigurationSource     : To enable URLs as dynamic configuration sources, define System property archaius.configurationSource.additionalUrls or make config.properties available on classpath.
2023-06-27 10:36:36.969  WARN 20224 --- [main] c.n.c.sources.URLConfigurationSource     : No URLs will be polled as dynamic configuration sources.
2023-06-27 10:36:36.969  INFO 20224 --- [main] c.n.c.sources.URLConfigurationSource     : To enable URLs as dynamic configuration sources, define System property archaius.configurationSource.additionalUrls or make config.properties available on classpath.
2023-06-27 10:36:37.060  INFO 20224 --- [main] o.s.s.concurrent.ThreadPoolTaskExecutor  : Initializing ExecutorService 'applicationTaskExecutor'
2023-06-27 10:36:37.445  INFO 20224 --- [main] o.s.s.c.ThreadPoolTaskScheduler          : Initializing ExecutorService 'taskScheduler'
2023-06-27 10:36:38.671  INFO 20224 --- [main] o.s.cloud.commons.util.InetUtils         : Cannot determine local hostname
2023-06-27 10:36:38.862  INFO 20224 --- [main] o.s.b.w.embedded.tomcat.TomcatWebServer  : Tomcat started on port(s): 9999 (http) with context path ''
2023-06-27 10:36:40.064  INFO 20224 --- [main] o.s.cloud.commons.util.InetUtils         : Cannot determine local hostname
2023-06-27 10:36:40.065  INFO 20224 --- [main] d.s.w.p.DocumentationPluginsBootstrapper : Context refreshed
2023-06-27 10:36:40.080  INFO 20224 --- [main] d.s.w.p.DocumentationPluginsBootstrapper : Found 1 custom documentation plugin(s)
2023-06-27 10:36:40.118  INFO 20224 --- [main] s.d.s.w.s.ApiListingReferenceScanner     : Scanning for api listing references
2023-06-27 10:36:40.355  INFO 20224 --- [main] com.peels.WebApplication                 : Started WebApplication in 9.855 seconds (JVM running for 10.662)
2023-06-27 10:36:43.131  INFO 20224 --- [http-nio-9999-exec-1] o.a.c.c.C.[Tomcat].[localhost].[/]       : Initializing Spring DispatcherServlet 'dispatcherServlet'
2023-06-27 10:36:43.131  INFO 20224 --- [http-nio-9999-exec-1] o.s.web.servlet.DispatcherServlet        : Initializing Servlet 'dispatcherServlet'
2023-06-27 10:36:43.138  INFO 20224 --- [http-nio-9999-exec-1] o.s.web.servlet.DispatcherServlet        : Completed initialization in 7 ms
2023-06-27 10:36:49.551  INFO 20224 --- [http-nio-9999-exec-8] com.zaxxer.hikari.HikariDataSource       : HikariPool-1 - Starting...
2023-06-27 10:36:50.090  INFO 20224 --- [http-nio-9999-exec-8] com.zaxxer.hikari.HikariDataSource       : HikariPool-1 - Start completed.
2023-06-27 10:36:50.096 DEBUG 20224 --- [http-nio-9999-exec-8] c.p.m.GridProvinceMapper.selectList      : ==>  Preparing: SELECT province_id,province_name,province_abbr,remarks FROM grid_province
2023-06-27 10:36:50.121 DEBUG 20224 --- [http-nio-9999-exec-8] c.p.m.GridProvinceMapper.selectList      : ==> Parameters: 
2023-06-27 10:36:50.169 DEBUG 20224 --- [http-nio-9999-exec-8] c.p.m.GridProvinceMapper.selectList      : <==      Total: 16
2023-06-27 10:36:56.975  INFO 20224 --- [SpringContextShutdownHook] o.s.s.c.ThreadPoolTaskScheduler          : Shutting down ExecutorService 'taskScheduler'
2023-06-27 10:36:56.977  INFO 20224 --- [SpringContextShutdownHook] o.s.s.concurrent.ThreadPoolTaskExecutor  : Shutting down ExecutorService 'applicationTaskExecutor'
2023-06-27 10:36:56.982  INFO 20224 --- [SpringContextShutdownHook] com.zaxxer.hikari.HikariDataSource       : HikariPool-1 - Shutdown initiated...
2023-06-27 10:36:57.254  INFO 20224 --- [SpringContextShutdownHook] com.zaxxer.hikari.HikariDataSource       : HikariPool-1 - Shutdown completed.
