2023-06-26 14:37:43.392  INFO 1088 --- [main] com.peels.WebApplication                 : No active profile set, falling back to default profiles: default
2023-06-26 14:37:44.170  INFO 1088 --- [main] .s.d.r.c.RepositoryConfigurationDelegate : Multiple Spring Data modules found, entering strict repository configuration mode!
2023-06-26 14:37:44.173  INFO 1088 --- [main] .s.d.r.c.RepositoryConfigurationDelegate : Bootstrapping Spring Data Redis repositories in DEFAULT mode.
2023-06-26 14:37:44.213  INFO 1088 --- [main] .s.d.r.c.RepositoryConfigurationDelegate : Finished Spring Data repository scanning in 22ms. Found 0 Redis repository interfaces.
2023-06-26 14:37:44.490  INFO 1088 --- [main] o.s.cloud.context.scope.GenericScope     : BeanFactory id=867305cd-be7c-35a5-8cb8-0d40ffc1235a
2023-06-26 14:37:44.963  INFO 1088 --- [main] o.s.b.w.embedded.tomcat.TomcatWebServer  : Tomcat initialized with port(s): 9999 (http)
2023-06-26 14:37:44.973  INFO 1088 --- [main] o.apache.catalina.core.StandardService   : Starting service [Tomcat]
2023-06-26 14:37:44.973  INFO 1088 --- [main] org.apache.catalina.core.StandardEngine  : Starting Servlet engine: [Apache Tomcat/9.0.43]
2023-06-26 14:37:45.152  INFO 1088 --- [main] o.a.c.c.C.[Tomcat].[localhost].[/]       : Initializing Spring embedded WebApplicationContext
2023-06-26 14:37:45.152  INFO 1088 --- [main] w.s.c.ServletWebServerApplicationContext : Root WebApplicationContext: initialization completed in 1711 ms
2023-06-26 14:37:46.232  WARN 1088 --- [main] c.b.m.core.metadata.TableInfoHelper      : Can not find table primary key in Class: "com.peels.entity.Supervisor".
2023-06-26 14:37:46.826  INFO 1088 --- [main] org.redisson.Version                     : Redisson 3.13.6
2023-06-26 14:37:47.616  INFO 1088 --- [redisson-netty-2-14] o.r.c.pool.MasterPubSubConnectionPool    : 1 connections initialized for /127.0.0.1:6379
2023-06-26 14:37:47.630  INFO 1088 --- [redisson-netty-2-19] o.r.c.pool.MasterConnectionPool          : 24 connections initialized for /127.0.0.1:6379
2023-06-26 14:37:47.741  WARN 1088 --- [main] c.n.c.sources.URLConfigurationSource     : No URLs will be polled as dynamic configuration sources.
2023-06-26 14:37:47.742  INFO 1088 --- [main] c.n.c.sources.URLConfigurationSource     : To enable URLs as dynamic configuration sources, define System property archaius.configurationSource.additionalUrls or make config.properties available on classpath.
2023-06-26 14:37:47.746  WARN 1088 --- [main] c.n.c.sources.URLConfigurationSource     : No URLs will be polled as dynamic configuration sources.
2023-06-26 14:37:47.746  INFO 1088 --- [main] c.n.c.sources.URLConfigurationSource     : To enable URLs as dynamic configuration sources, define System property archaius.configurationSource.additionalUrls or make config.properties available on classpath.
2023-06-26 14:37:47.898  INFO 1088 --- [main] o.s.s.concurrent.ThreadPoolTaskExecutor  : Initializing ExecutorService 'applicationTaskExecutor'
2023-06-26 14:37:48.682  INFO 1088 --- [main] o.s.s.c.ThreadPoolTaskScheduler          : Initializing ExecutorService 'taskScheduler'
2023-06-26 14:37:49.156  INFO 1088 --- [main] o.s.b.w.embedded.tomcat.TomcatWebServer  : Tomcat started on port(s): 9999 (http) with context path ''
2023-06-26 14:37:49.412  INFO 1088 --- [main] com.peels.WebApplication                 : Started WebApplication in 7.321 seconds (JVM running for 8.26)
